[INFO] [19:50:36.876] [JavaFX Application Thread] [] com.zzg.mybatis.generator.util.DbUtil.<clinit>:32 --> load driver class: com.mysql.jdbc.Driver@551d4c2
[INFO] [19:50:36.881] [JavaFX Application Thread] [] com.zzg.mybatis.generator.util.DbUtil.<clinit>:32 --> load driver class: oracle.jdbc.driver.OracleDriver@53d4f4c3
[INFO] [19:50:36.886] [JavaFX Application Thread] [] com.zzg.mybatis.generator.util.DbUtil.<clinit>:32 --> load driver class: org.postgresql.Driver@719280f8
[INFO] [19:50:36.960] [JavaFX Application Thread] [] com.zzg.mybatis.generator.util.DbUtil.<clinit>:32 --> load driver class: SQLServerDriver:2
[INFO] [19:50:36.961] [JavaFX Application Thread] [] com.zzg.mybatis.generator.util.DbUtil.getConnectionUrlWithSchema:106 --> getConnectionUrlWithSchema, connection url: jdbc:mysql://127.0.0.1:3306/peaakfortake?useUnicode=true&useSSL=false&characterEncoding=utf8
[INFO] [19:50:36.962] [JavaFX Application Thread] [] com.zzg.mybatis.generator.util.DbUtil.getTableNames:55 --> getTableNames, connection url: jdbc:mysql://127.0.0.1:3306/peaakfortake?useUnicode=true&useSSL=false&characterEncoding=utf8
[INFO] [19:50:36.962] [JavaFX Application Thread] [] com.zzg.mybatis.generator.util.DbUtil.getConnectionUrlWithSchema:106 --> getConnectionUrlWithSchema, connection url: jdbc:mysql://127.0.0.1:3306/peaakfortake?useUnicode=true&useSSL=false&characterEncoding=utf8
[ERROR] [19:50:37.155] [JavaFX Application Thread] [] com.zzg.mybatis.generator.controller.MainUIController.lambda$null$5:171 --> Unknown database 'peaakfortake'
com.mysql.jdbc.exceptions.jdbc4.MySQLSyntaxErrorException: Unknown database 'peaakfortake'
	at sun.reflect.NativeConstructorAccessorImpl.newInstance0(Native Method) ~[na:1.8.0_144]
	at sun.reflect.NativeConstructorAccessorImpl.newInstance(Unknown Source) ~[na:1.8.0_144]
	at sun.reflect.DelegatingConstructorAccessorImpl.newInstance(Unknown Source) ~[na:1.8.0_144]
	at java.lang.reflect.Constructor.newInstance(Unknown Source) ~[na:1.8.0_144]
	at com.mysql.jdbc.Util.handleNewInstance(Util.java:404) ~[na:na]
	at com.mysql.jdbc.Util.getInstance(Util.java:387) ~[na:na]
	at com.mysql.jdbc.SQLError.createSQLException(SQLError.java:939) ~[na:na]
	at com.mysql.jdbc.MysqlIO.checkErrorPacket(MysqlIO.java:3878) ~[na:na]
	at com.mysql.jdbc.MysqlIO.checkErrorPacket(MysqlIO.java:3814) ~[na:na]
	at com.mysql.jdbc.MysqlIO.checkErrorPacket(MysqlIO.java:871) ~[na:na]
	at com.mysql.jdbc.MysqlIO.proceedHandshakeWithPluggableAuthentication(MysqlIO.java:1694) ~[na:na]
	at com.mysql.jdbc.MysqlIO.doHandshake(MysqlIO.java:1215) ~[na:na]
	at com.mysql.jdbc.ConnectionImpl.coreConnect(ConnectionImpl.java:2255) ~[na:na]
	at com.mysql.jdbc.ConnectionImpl.connectOneTryOnly(ConnectionImpl.java:2286) ~[na:na]
	at com.mysql.jdbc.ConnectionImpl.createNewIO(ConnectionImpl.java:2085) ~[na:na]
	at com.mysql.jdbc.ConnectionImpl.<init>(ConnectionImpl.java:795) ~[na:na]
	at com.mysql.jdbc.JDBC4Connection.<init>(JDBC4Connection.java:44) ~[na:na]
	at sun.reflect.NativeConstructorAccessorImpl.newInstance0(Native Method) ~[na:1.8.0_144]
	at sun.reflect.NativeConstructorAccessorImpl.newInstance(Unknown Source) ~[na:1.8.0_144]
	at sun.reflect.DelegatingConstructorAccessorImpl.newInstance(Unknown Source) ~[na:1.8.0_144]
	at java.lang.reflect.Constructor.newInstance(Unknown Source) ~[na:1.8.0_144]
	at com.mysql.jdbc.Util.handleNewInstance(Util.java:404) ~[na:na]
	at com.mysql.jdbc.ConnectionImpl.getInstance(ConnectionImpl.java:400) ~[na:na]
	at com.mysql.jdbc.NonRegisteringDriver.connect(NonRegisteringDriver.java:327) ~[na:na]
	at com.zzg.mybatis.generator.util.DbUtil.getConnection(DbUtil.java:48) ~[mybatis-generator-gui.jar:na]
	at com.zzg.mybatis.generator.util.DbUtil.getTableNames(DbUtil.java:56) ~[mybatis-generator-gui.jar:na]
	at com.zzg.mybatis.generator.controller.MainUIController.lambda$null$5(MainUIController.java:153) ~[mybatis-generator-gui.jar:na]
	at com.sun.javafx.event.CompositeEventHandler$NormalEventHandlerRecord.handleBubblingEvent(CompositeEventHandler.java:218) ~[jfxrt.jar:na]
	at com.sun.javafx.event.CompositeEventHandler.dispatchBubblingEvent(CompositeEventHandler.java:80) ~[jfxrt.jar:na]
	at com.sun.javafx.event.EventHandlerManager.dispatchBubblingEvent(EventHandlerManager.java:238) ~[jfxrt.jar:na]
	at com.sun.javafx.event.EventHandlerManager.dispatchBubblingEvent(EventHandlerManager.java:191) ~[jfxrt.jar:na]
	at com.sun.javafx.event.CompositeEventDispatcher.dispatchBubblingEvent(CompositeEventDispatcher.java:59) ~[jfxrt.jar:na]
	at com.sun.javafx.event.BasicEventDispatcher.dispatchEvent(BasicEventDispatcher.java:58) ~[jfxrt.jar:na]
	at com.sun.javafx.event.EventDispatchChainImpl.dispatchEvent(EventDispatchChainImpl.java:114) ~[jfxrt.jar:na]
	at com.sun.javafx.event.BasicEventDispatcher.dispatchEvent(BasicEventDispatcher.java:56) ~[jfxrt.jar:na]
	at com.sun.javafx.event.EventDispatchChainImpl.dispatchEvent(EventDispatchChainImpl.java:114) ~[jfxrt.jar:na]
	at com.sun.javafx.event.BasicEventDispatcher.dispatchEvent(BasicEventDispatcher.java:56) ~[jfxrt.jar:na]
	at com.sun.javafx.event.EventDispatchChainImpl.dispatchEvent(EventDispatchChainImpl.java:114) ~[jfxrt.jar:na]
	at com.sun.javafx.event.BasicEventDispatcher.dispatchEvent(BasicEventDispatcher.java:56) ~[jfxrt.jar:na]
	at com.sun.javafx.event.EventDispatchChainImpl.dispatchEvent(EventDispatchChainImpl.java:114) ~[jfxrt.jar:na]
	at com.sun.javafx.event.BasicEventDispatcher.dispatchEvent(BasicEventDispatcher.java:56) ~[jfxrt.jar:na]
	at com.sun.javafx.event.EventDispatchChainImpl.dispatchEvent(EventDispatchChainImpl.java:114) ~[jfxrt.jar:na]
	at com.sun.javafx.event.BasicEventDispatcher.dispatchEvent(BasicEventDispatcher.java:56) ~[jfxrt.jar:na]
	at com.sun.javafx.event.EventDispatchChainImpl.dispatchEvent(EventDispatchChainImpl.java:114) ~[jfxrt.jar:na]
	at com.sun.javafx.event.EventUtil.fireEventImpl(EventUtil.java:74) ~[jfxrt.jar:na]
	at com.sun.javafx.event.EventUtil.fireEvent(EventUtil.java:54) ~[jfxrt.jar:na]
	at javafx.event.Event.fireEvent(Event.java:198) ~[jfxrt.jar:na]
	at javafx.scene.Scene$ClickGenerator.postProcess(Scene.java:3470) ~[jfxrt.jar:na]
	at javafx.scene.Scene$ClickGenerator.access$8100(Scene.java:3398) ~[jfxrt.jar:na]
	at javafx.scene.Scene$MouseHandler.process(Scene.java:3766) ~[jfxrt.jar:na]
	at javafx.scene.Scene$MouseHandler.access$1500(Scene.java:3485) ~[jfxrt.jar:na]
	at javafx.scene.Scene.impl_processMouseEvent(Scene.java:1762) ~[jfxrt.jar:na]
	at javafx.scene.Scene$ScenePeerListener.mouseEvent(Scene.java:2494) ~[jfxrt.jar:na]
	at com.sun.javafx.tk.quantum.GlassViewEventHandler$MouseEventNotification.run(GlassViewEventHandler.java:381) ~[jfxrt.jar:na]
	at com.sun.javafx.tk.quantum.GlassViewEventHandler$MouseEventNotification.run(GlassViewEventHandler.java:295) ~[jfxrt.jar:na]
	at java.security.AccessController.doPrivileged(Native Method) ~[na:1.8.0_144]
	at com.sun.javafx.tk.quantum.GlassViewEventHandler.lambda$handleMouseEvent$354(GlassViewEventHandler.java:417) ~[jfxrt.jar:na]
	at com.sun.javafx.tk.quantum.QuantumToolkit.runWithoutRenderLock(QuantumToolkit.java:389) ~[jfxrt.jar:na]
	at com.sun.javafx.tk.quantum.GlassViewEventHandler.handleMouseEvent(GlassViewEventHandler.java:416) ~[jfxrt.jar:na]
	at com.sun.glass.ui.View.handleMouseEvent(View.java:555) ~[jfxrt.jar:na]
	at com.sun.glass.ui.View.notifyMouse(View.java:937) ~[jfxrt.jar:na]
	at com.sun.glass.ui.win.WinApplication._runLoop(Native Method) ~[jfxrt.jar:na]
	at com.sun.glass.ui.win.WinApplication.lambda$null$148(WinApplication.java:191) ~[jfxrt.jar:na]
	at java.lang.Thread.run(Unknown Source) ~[na:1.8.0_144]
[INFO] [19:50:44.039] [JavaFX Application Thread] [] com.zzg.mybatis.generator.util.DbUtil.getConnectionUrlWithSchema:106 --> getConnectionUrlWithSchema, connection url: jdbc:mysql://127.0.0.1:3306/peaakfortake?useUnicode=true&useSSL=false&characterEncoding=utf8
[ERROR] [19:50:44.045] [JavaFX Application Thread] [] com.zzg.mybatis.generator.controller.DbConnectionController.testConnection:72 --> Unknown database 'peaakfortake'
com.mysql.jdbc.exceptions.jdbc4.MySQLSyntaxErrorException: Unknown database 'peaakfortake'
	at sun.reflect.NativeConstructorAccessorImpl.newInstance0(Native Method) ~[na:1.8.0_144]
	at sun.reflect.NativeConstructorAccessorImpl.newInstance(Unknown Source) ~[na:1.8.0_144]
	at sun.reflect.DelegatingConstructorAccessorImpl.newInstance(Unknown Source) ~[na:1.8.0_144]
	at java.lang.reflect.Constructor.newInstance(Unknown Source) ~[na:1.8.0_144]
	at com.mysql.jdbc.Util.handleNewInstance(Util.java:404) ~[na:na]
	at com.mysql.jdbc.Util.getInstance(Util.java:387) ~[na:na]
	at com.mysql.jdbc.SQLError.createSQLException(SQLError.java:939) ~[na:na]
	at com.mysql.jdbc.MysqlIO.checkErrorPacket(MysqlIO.java:3878) ~[na:na]
	at com.mysql.jdbc.MysqlIO.checkErrorPacket(MysqlIO.java:3814) ~[na:na]
	at com.mysql.jdbc.MysqlIO.checkErrorPacket(MysqlIO.java:871) ~[na:na]
	at com.mysql.jdbc.MysqlIO.proceedHandshakeWithPluggableAuthentication(MysqlIO.java:1694) ~[na:na]
	at com.mysql.jdbc.MysqlIO.doHandshake(MysqlIO.java:1215) ~[na:na]
	at com.mysql.jdbc.ConnectionImpl.coreConnect(ConnectionImpl.java:2255) ~[na:na]
	at com.mysql.jdbc.ConnectionImpl.connectOneTryOnly(ConnectionImpl.java:2286) ~[na:na]
	at com.mysql.jdbc.ConnectionImpl.createNewIO(ConnectionImpl.java:2085) ~[na:na]
	at com.mysql.jdbc.ConnectionImpl.<init>(ConnectionImpl.java:795) ~[na:na]
	at com.mysql.jdbc.JDBC4Connection.<init>(JDBC4Connection.java:44) ~[na:na]
	at sun.reflect.NativeConstructorAccessorImpl.newInstance0(Native Method) ~[na:1.8.0_144]
	at sun.reflect.NativeConstructorAccessorImpl.newInstance(Unknown Source) ~[na:1.8.0_144]
	at sun.reflect.DelegatingConstructorAccessorImpl.newInstance(Unknown Source) ~[na:1.8.0_144]
	at java.lang.reflect.Constructor.newInstance(Unknown Source) ~[na:1.8.0_144]
	at com.mysql.jdbc.Util.handleNewInstance(Util.java:404) ~[na:na]
	at com.mysql.jdbc.ConnectionImpl.getInstance(ConnectionImpl.java:400) ~[na:na]
	at com.mysql.jdbc.NonRegisteringDriver.connect(NonRegisteringDriver.java:327) ~[na:na]
	at com.zzg.mybatis.generator.util.DbUtil.getConnection(DbUtil.java:48) ~[mybatis-generator-gui.jar:na]
	at com.zzg.mybatis.generator.controller.DbConnectionController.testConnection(DbConnectionController.java:69) ~[mybatis-generator-gui.jar:na]
	at sun.reflect.NativeMethodAccessorImpl.invoke0(Native Method) ~[na:1.8.0_144]
	at sun.reflect.NativeMethodAccessorImpl.invoke(Unknown Source) ~[na:1.8.0_144]
	at sun.reflect.DelegatingMethodAccessorImpl.invoke(Unknown Source) ~[na:1.8.0_144]
	at java.lang.reflect.Method.invoke(Unknown Source) ~[na:1.8.0_144]
	at sun.reflect.misc.Trampoline.invoke(Unknown Source) [na:1.8.0_144]
	at sun.reflect.GeneratedMethodAccessor1.invoke(Unknown Source) ~[na:na]
	at sun.reflect.DelegatingMethodAccessorImpl.invoke(Unknown Source) ~[na:1.8.0_144]
	at java.lang.reflect.Method.invoke(Unknown Source) ~[na:1.8.0_144]
	at sun.reflect.misc.MethodUtil.invoke(Unknown Source) [na:1.8.0_144]
	at javafx.fxml.FXMLLoader$MethodHandler.invoke(FXMLLoader.java:1771) [jfxrt.jar:na]
	at javafx.fxml.FXMLLoader$ControllerMethodEventHandler.handle(FXMLLoader.java:1657) [jfxrt.jar:na]
	at com.sun.javafx.event.CompositeEventHandler.dispatchBubblingEvent(CompositeEventHandler.java:86) [jfxrt.jar:na]
	at com.sun.javafx.event.EventHandlerManager.dispatchBubblingEvent(EventHandlerManager.java:238) [jfxrt.jar:na]
	at com.sun.javafx.event.EventHandlerManager.dispatchBubblingEvent(EventHandlerManager.java:191) [jfxrt.jar:na]
	at com.sun.javafx.event.CompositeEventDispatcher.dispatchBubblingEvent(CompositeEventDispatcher.java:59) [jfxrt.jar:na]
	at com.sun.javafx.event.BasicEventDispatcher.dispatchEvent(BasicEventDispatcher.java:58) [jfxrt.jar:na]
	at com.sun.javafx.event.EventDispatchChainImpl.dispatchEvent(EventDispatchChainImpl.java:114) [jfxrt.jar:na]
	at com.sun.javafx.event.BasicEventDispatcher.dispatchEvent(BasicEventDispatcher.java:56) [jfxrt.jar:na]
	at com.sun.javafx.event.EventDispatchChainImpl.dispatchEvent(EventDispatchChainImpl.java:114) [jfxrt.jar:na]
	at com.sun.javafx.event.BasicEventDispatcher.dispatchEvent(BasicEventDispatcher.java:56) [jfxrt.jar:na]
	at com.sun.javafx.event.EventDispatchChainImpl.dispatchEvent(EventDispatchChainImpl.java:114) [jfxrt.jar:na]
	at com.sun.javafx.event.EventUtil.fireEventImpl(EventUtil.java:74) [jfxrt.jar:na]
	at com.sun.javafx.event.EventUtil.fireEvent(EventUtil.java:49) [jfxrt.jar:na]
	at javafx.event.Event.fireEvent(Event.java:198) [jfxrt.jar:na]
	at javafx.scene.Node.fireEvent(Node.java:8413) [jfxrt.jar:na]
	at javafx.scene.control.Button.fire(Button.java:185) [jfxrt.jar:na]
	at com.sun.javafx.scene.control.behavior.ButtonBehavior.mouseReleased(ButtonBehavior.java:182) [jfxrt.jar:na]
	at com.sun.javafx.scene.control.skin.BehaviorSkinBase$1.handle(BehaviorSkinBase.java:96) [jfxrt.jar:na]
	at com.sun.javafx.scene.control.skin.BehaviorSkinBase$1.handle(BehaviorSkinBase.java:89) [jfxrt.jar:na]
	at com.sun.javafx.event.CompositeEventHandler$NormalEventHandlerRecord.handleBubblingEvent(CompositeEventHandler.java:218) [jfxrt.jar:na]
	at com.sun.javafx.event.CompositeEventHandler.dispatchBubblingEvent(CompositeEventHandler.java:80) [jfxrt.jar:na]
	at com.sun.javafx.event.EventHandlerManager.dispatchBubblingEvent(EventHandlerManager.java:238) [jfxrt.jar:na]
	at com.sun.javafx.event.EventHandlerManager.dispatchBubblingEvent(EventHandlerManager.java:191) [jfxrt.jar:na]
	at com.sun.javafx.event.CompositeEventDispatcher.dispatchBubblingEvent(CompositeEventDispatcher.java:59) [jfxrt.jar:na]
	at com.sun.javafx.event.BasicEventDispatcher.dispatchEvent(BasicEventDispatcher.java:58) [jfxrt.jar:na]
	at com.sun.javafx.event.EventDispatchChainImpl.dispatchEvent(EventDispatchChainImpl.java:114) [jfxrt.jar:na]
	at com.sun.javafx.event.BasicEventDispatcher.dispatchEvent(BasicEventDispatcher.java:56) [jfxrt.jar:na]
	at com.sun.javafx.event.EventDispatchChainImpl.dispatchEvent(EventDispatchChainImpl.java:114) [jfxrt.jar:na]
	at com.sun.javafx.event.BasicEventDispatcher.dispatchEvent(BasicEventDispatcher.java:56) [jfxrt.jar:na]
	at com.sun.javafx.event.EventDispatchChainImpl.dispatchEvent(EventDispatchChainImpl.java:114) [jfxrt.jar:na]
	at com.sun.javafx.event.EventUtil.fireEventImpl(EventUtil.java:74) [jfxrt.jar:na]
	at com.sun.javafx.event.EventUtil.fireEvent(EventUtil.java:54) [jfxrt.jar:na]
	at javafx.event.Event.fireEvent(Event.java:198) [jfxrt.jar:na]
	at javafx.scene.Scene$MouseHandler.process(Scene.java:3757) [jfxrt.jar:na]
	at javafx.scene.Scene$MouseHandler.access$1500(Scene.java:3485) [jfxrt.jar:na]
	at javafx.scene.Scene.impl_processMouseEvent(Scene.java:1762) [jfxrt.jar:na]
	at javafx.scene.Scene$ScenePeerListener.mouseEvent(Scene.java:2494) [jfxrt.jar:na]
	at com.sun.javafx.tk.quantum.GlassViewEventHandler$MouseEventNotification.run(GlassViewEventHandler.java:381) [jfxrt.jar:na]
	at com.sun.javafx.tk.quantum.GlassViewEventHandler$MouseEventNotification.run(GlassViewEventHandler.java:295) [jfxrt.jar:na]
	at java.security.AccessController.doPrivileged(Native Method) [na:1.8.0_144]
	at com.sun.javafx.tk.quantum.GlassViewEventHandler.lambda$handleMouseEvent$354(GlassViewEventHandler.java:417) [jfxrt.jar:na]
	at com.sun.javafx.tk.quantum.QuantumToolkit.runWithoutRenderLock(QuantumToolkit.java:389) ~[jfxrt.jar:na]
	at com.sun.javafx.tk.quantum.GlassViewEventHandler.handleMouseEvent(GlassViewEventHandler.java:416) [jfxrt.jar:na]
	at com.sun.glass.ui.View.handleMouseEvent(View.java:555) ~[jfxrt.jar:na]
	at com.sun.glass.ui.View.notifyMouse(View.java:937) ~[jfxrt.jar:na]
	at com.sun.glass.ui.win.WinApplication._runLoop(Native Method) ~[jfxrt.jar:na]
	at com.sun.glass.ui.win.WinApplication.lambda$null$148(WinApplication.java:191) ~[jfxrt.jar:na]
	at java.lang.Thread.run(Unknown Source) ~[na:1.8.0_144]
[INFO] [19:51:21.341] [JavaFX Application Thread] [] com.zzg.mybatis.generator.util.DbUtil.getConnectionUrlWithSchema:106 --> getConnectionUrlWithSchema, connection url: jdbc:mysql://127.0.0.1:3306/o2o?useUnicode=true&useSSL=false&characterEncoding=utf8
[INFO] [19:51:21.680] [JavaFX Application Thread] [] com.zzg.mybatis.generator.util.DbUtil.getConnection:49 --> getConnection, connection url: com.mysql.jdbc.JDBC4Connection@14aede95
[INFO] [19:51:31.512] [JavaFX Application Thread] [] com.zzg.mybatis.generator.util.DbUtil.getConnectionUrlWithSchema:106 --> getConnectionUrlWithSchema, connection url: jdbc:mysql://127.0.0.1:3306/peakfortake?useUnicode=true&useSSL=false&characterEncoding=utf8
[INFO] [19:51:31.518] [JavaFX Application Thread] [] com.zzg.mybatis.generator.util.DbUtil.getConnection:49 --> getConnection, connection url: com.mysql.jdbc.JDBC4Connection@265d012e
[INFO] [19:51:52.566] [JavaFX Application Thread] [] com.zzg.mybatis.generator.util.ConfigHelper.loadGeneratorConfigs:180 --> sql: SELECT * FROM generator_config
[INFO] [19:51:57.010] [JavaFX Application Thread] [] com.zzg.mybatis.generator.util.DbUtil.getConnectionUrlWithSchema:106 --> getConnectionUrlWithSchema, connection url: jdbc:mysql://127.0.0.1:3306/peakfortake?useUnicode=true&useSSL=false&characterEncoding=utf8
[INFO] [19:51:57.010] [JavaFX Application Thread] [] com.zzg.mybatis.generator.util.DbUtil.getTableNames:55 --> getTableNames, connection url: jdbc:mysql://127.0.0.1:3306/peakfortake?useUnicode=true&useSSL=false&characterEncoding=utf8
[INFO] [19:51:57.011] [JavaFX Application Thread] [] com.zzg.mybatis.generator.util.DbUtil.getConnectionUrlWithSchema:106 --> getConnectionUrlWithSchema, connection url: jdbc:mysql://127.0.0.1:3306/peakfortake?useUnicode=true&useSSL=false&characterEncoding=utf8
[INFO] [19:51:57.017] [JavaFX Application Thread] [] com.zzg.mybatis.generator.util.DbUtil.getConnection:49 --> getConnection, connection url: com.mysql.jdbc.JDBC4Connection@2ba89e21
[INFO] [19:52:15.751] [JavaFX Application Thread] [] com.zzg.mybatis.generator.util.DbUtil.getConnectionUrlWithSchema:106 --> getConnectionUrlWithSchema, connection url: jdbc:mysql://127.0.0.1:3306/peakfortake?useUnicode=true&useSSL=false&characterEncoding=utf8
[INFO] [19:52:15.751] [JavaFX Application Thread] [] com.zzg.mybatis.generator.util.DbUtil.getTableNames:55 --> getTableNames, connection url: jdbc:mysql://127.0.0.1:3306/peakfortake?useUnicode=true&useSSL=false&characterEncoding=utf8
[INFO] [19:52:15.751] [JavaFX Application Thread] [] com.zzg.mybatis.generator.util.DbUtil.getConnectionUrlWithSchema:106 --> getConnectionUrlWithSchema, connection url: jdbc:mysql://127.0.0.1:3306/peakfortake?useUnicode=true&useSSL=false&characterEncoding=utf8
[INFO] [19:52:15.757] [JavaFX Application Thread] [] com.zzg.mybatis.generator.util.DbUtil.getConnection:49 --> getConnection, connection url: com.mysql.jdbc.JDBC4Connection@269897c7
[INFO] [19:52:16.667] [JavaFX Application Thread] [] com.zzg.mybatis.generator.util.DbUtil.getConnectionUrlWithSchema:106 --> getConnectionUrlWithSchema, connection url: jdbc:mysql://127.0.0.1:3306/peakfortake?useUnicode=true&useSSL=false&characterEncoding=utf8
[INFO] [19:52:16.667] [JavaFX Application Thread] [] com.zzg.mybatis.generator.util.DbUtil.getTableNames:55 --> getTableNames, connection url: jdbc:mysql://127.0.0.1:3306/peakfortake?useUnicode=true&useSSL=false&characterEncoding=utf8
[INFO] [19:52:16.668] [JavaFX Application Thread] [] com.zzg.mybatis.generator.util.DbUtil.getConnectionUrlWithSchema:106 --> getConnectionUrlWithSchema, connection url: jdbc:mysql://127.0.0.1:3306/peakfortake?useUnicode=true&useSSL=false&characterEncoding=utf8
[INFO] [19:52:16.672] [JavaFX Application Thread] [] com.zzg.mybatis.generator.util.DbUtil.getConnection:49 --> getConnection, connection url: com.mysql.jdbc.JDBC4Connection@1a29b970
[INFO] [19:52:55.132] [JavaFX Application Thread] [] com.zzg.mybatis.generator.util.DbUtil.getConnectionUrlWithSchema:106 --> getConnectionUrlWithSchema, connection url: jdbc:mysql://127.0.0.1:3306/peakfortake?useUnicode=true&useSSL=false&characterEncoding=utf8
[INFO] [19:52:55.132] [JavaFX Application Thread] [] com.zzg.mybatis.generator.util.DbUtil.getTableNames:55 --> getTableNames, connection url: jdbc:mysql://127.0.0.1:3306/peakfortake?useUnicode=true&useSSL=false&characterEncoding=utf8
[INFO] [19:52:55.133] [JavaFX Application Thread] [] com.zzg.mybatis.generator.util.DbUtil.getConnectionUrlWithSchema:106 --> getConnectionUrlWithSchema, connection url: jdbc:mysql://127.0.0.1:3306/peakfortake?useUnicode=true&useSSL=false&characterEncoding=utf8
[INFO] [19:52:55.139] [JavaFX Application Thread] [] com.zzg.mybatis.generator.util.DbUtil.getConnection:49 --> getConnection, connection url: com.mysql.jdbc.JDBC4Connection@3bcf235b
[INFO] [19:52:55.973] [JavaFX Application Thread] [] com.zzg.mybatis.generator.util.ConfigHelper.loadGeneratorConfigs:180 --> sql: SELECT * FROM generator_config
[INFO] [20:01:23.354] [JavaFX Application Thread] [] com.zzg.mybatis.generator.util.DbUtil.getConnectionUrlWithSchema:106 --> getConnectionUrlWithSchema, connection url: jdbc:mysql://127.0.0.1:3306/peakfortake?useUnicode=true&useSSL=false&characterEncoding=utf8
[INFO] [20:01:23.355] [JavaFX Application Thread] [] com.zzg.mybatis.generator.util.DbUtil.getTableColumns:84 --> getTableColumns, connection url: jdbc:mysql://127.0.0.1:3306/peakfortake?useUnicode=true&useSSL=false&characterEncoding=utf8
[INFO] [20:01:23.355] [JavaFX Application Thread] [] com.zzg.mybatis.generator.util.DbUtil.getConnectionUrlWithSchema:106 --> getConnectionUrlWithSchema, connection url: jdbc:mysql://127.0.0.1:3306/peakfortake?useUnicode=true&useSSL=false&characterEncoding=utf8
[INFO] [20:01:23.362] [JavaFX Application Thread] [] com.zzg.mybatis.generator.util.DbUtil.getConnection:49 --> getConnection, connection url: com.mysql.jdbc.JDBC4Connection@26d6a73
[INFO] [20:08:16.806] [JavaFX Application Thread] [] com.zzg.mybatis.generator.util.DbUtil.getConnectionUrlWithSchema:106 --> getConnectionUrlWithSchema, connection url: jdbc:mysql://127.0.0.1:3306/peakfortake?useUnicode=true&useSSL=false&characterEncoding=utf8
[INFO] [20:08:16.807] [JavaFX Application Thread] [] com.zzg.mybatis.generator.util.DbUtil.getTableNames:55 --> getTableNames, connection url: jdbc:mysql://127.0.0.1:3306/peakfortake?useUnicode=true&useSSL=false&characterEncoding=utf8
[INFO] [20:08:16.807] [JavaFX Application Thread] [] com.zzg.mybatis.generator.util.DbUtil.getConnectionUrlWithSchema:106 --> getConnectionUrlWithSchema, connection url: jdbc:mysql://127.0.0.1:3306/peakfortake?useUnicode=true&useSSL=false&characterEncoding=utf8
[INFO] [20:08:16.813] [JavaFX Application Thread] [] com.zzg.mybatis.generator.util.DbUtil.getConnection:49 --> getConnection, connection url: com.mysql.jdbc.JDBC4Connection@73efec7f
[INFO] [20:08:20.931] [JavaFX Application Thread] [] com.zzg.mybatis.generator.util.ConfigHelper.loadGeneratorConfigs:180 --> sql: SELECT * FROM generator_config
[INFO] [20:08:46.673] [JavaFX Application Thread] [] com.zzg.mybatis.generator.util.ConfigHelper.findConnectorLibPath:213 --> jar resource: jar:file:/D:/Install/Mybatis-generate-gui/mybatis-generator-gui.jar!/logback.xml
[INFO] [20:08:46.675] [JavaFX Application Thread] [] com.zzg.mybatis.generator.bridge.MybatisGeneratorBridge.generate:60 --> connectorLibPath: D:\Install\Mybatis-generate-gui\lib\mysql-connector-java-5.1.38.jar
[INFO] [20:08:46.676] [JavaFX Application Thread] [] com.zzg.mybatis.generator.util.DbUtil.getConnectionUrlWithSchema:106 --> getConnectionUrlWithSchema, connection url: jdbc:mysql://127.0.0.1:3306/peakfortake?useUnicode=true&useSSL=false&characterEncoding=utf8
[INFO] [20:12:03.098] [JavaFX Application Thread] [] com.zzg.mybatis.generator.util.ConfigHelper.findConnectorLibPath:213 --> jar resource: jar:file:/D:/Install/Mybatis-generate-gui/mybatis-generator-gui.jar!/logback.xml
[INFO] [20:12:03.099] [JavaFX Application Thread] [] com.zzg.mybatis.generator.bridge.MybatisGeneratorBridge.generate:60 --> connectorLibPath: D:\Install\Mybatis-generate-gui\lib\mysql-connector-java-5.1.38.jar
[INFO] [20:12:03.100] [JavaFX Application Thread] [] com.zzg.mybatis.generator.util.DbUtil.getConnectionUrlWithSchema:106 --> getConnectionUrlWithSchema, connection url: jdbc:mysql://127.0.0.1:3306/peakfortake?useUnicode=true&useSSL=false&characterEncoding=utf8
[INFO] [20:23:25.331] [JavaFX Application Thread] [] com.zzg.mybatis.generator.util.ConfigHelper.findConnectorLibPath:213 --> jar resource: jar:file:/D:/Install/Mybatis-generate-gui/mybatis-generator-gui.jar!/logback.xml
[INFO] [20:23:25.332] [JavaFX Application Thread] [] com.zzg.mybatis.generator.bridge.MybatisGeneratorBridge.generate:60 --> connectorLibPath: D:\Install\Mybatis-generate-gui\lib\mysql-connector-java-5.1.38.jar
[INFO] [20:23:25.332] [JavaFX Application Thread] [] com.zzg.mybatis.generator.util.DbUtil.getConnectionUrlWithSchema:106 --> getConnectionUrlWithSchema, connection url: jdbc:mysql://127.0.0.1:3306/peakfortake?useUnicode=true&useSSL=false&characterEncoding=utf8
[INFO] [20:23:40.159] [JavaFX Application Thread] [] com.zzg.mybatis.generator.util.ConfigHelper.findConnectorLibPath:213 --> jar resource: jar:file:/D:/Install/Mybatis-generate-gui/mybatis-generator-gui.jar!/logback.xml
[INFO] [20:23:40.159] [JavaFX Application Thread] [] com.zzg.mybatis.generator.bridge.MybatisGeneratorBridge.generate:60 --> connectorLibPath: D:\Install\Mybatis-generate-gui\lib\mysql-connector-java-5.1.38.jar
[INFO] [20:23:40.160] [JavaFX Application Thread] [] com.zzg.mybatis.generator.util.DbUtil.getConnectionUrlWithSchema:106 --> getConnectionUrlWithSchema, connection url: jdbc:mysql://127.0.0.1:3306/peakfortake?useUnicode=true&useSSL=false&characterEncoding=utf8
[INFO] [20:39:54.873] [JavaFX Application Thread] [] com.zzg.mybatis.generator.controller.MainUIController.saveGeneratorConfig:277 --> user choose name: peakfortake-user
[INFO] [20:39:55.891] [JavaFX Application Thread] [] com.zzg.mybatis.generator.util.ConfigHelper.loadGeneratorConfigs:180 --> sql: SELECT * FROM generator_config
[INFO] [21:56:49.601] [JavaFX Application Thread] [] com.zzg.mybatis.generator.util.ConfigHelper.findConnectorLibPath:213 --> jar resource: jar:file:/D:/Install/Mybatis-generate-gui/mybatis-generator-gui.jar!/logback.xml
[INFO] [21:56:49.602] [JavaFX Application Thread] [] com.zzg.mybatis.generator.bridge.MybatisGeneratorBridge.generate:60 --> connectorLibPath: D:\Install\Mybatis-generate-gui\lib\mysql-connector-java-5.1.38.jar
[INFO] [21:56:49.603] [JavaFX Application Thread] [] com.zzg.mybatis.generator.util.DbUtil.getConnectionUrlWithSchema:106 --> getConnectionUrlWithSchema, connection url: jdbc:mysql://127.0.0.1:3306/peakfortake?useUnicode=true&useSSL=false&characterEncoding=utf8
[INFO] [21:58:16.059] [JavaFX Application Thread] [] com.zzg.mybatis.generator.util.ConfigHelper.loadGeneratorConfigs:180 --> sql: SELECT * FROM generator_config
[INFO] [21:58:52.221] [JavaFX Application Thread] [] com.zzg.mybatis.generator.util.ConfigHelper.loadGeneratorConfigs:180 --> sql: SELECT * FROM generator_config
[INFO] [21:58:55.607] [JavaFX Application Thread] [] com.zzg.mybatis.generator.util.ConfigHelper.loadGeneratorConfig:157 --> sql: SELECT * FROM generator_config where name='peakfortake-user'
[INFO] [22:06:43.848] [JavaFX Application Thread] [] com.zzg.mybatis.generator.util.ConfigHelper.findConnectorLibPath:213 --> jar resource: jar:file:/D:/Install/Mybatis-generate-gui/mybatis-generator-gui.jar!/logback.xml
[INFO] [22:06:43.850] [JavaFX Application Thread] [] com.zzg.mybatis.generator.bridge.MybatisGeneratorBridge.generate:60 --> connectorLibPath: D:\Install\Mybatis-generate-gui\lib\mysql-connector-java-5.1.38.jar
[INFO] [22:06:43.850] [JavaFX Application Thread] [] com.zzg.mybatis.generator.util.DbUtil.getConnectionUrlWithSchema:106 --> getConnectionUrlWithSchema, connection url: jdbc:mysql://127.0.0.1:3306/peakfortake?useUnicode=true&useSSL=false&characterEncoding=utf8
[INFO] [22:09:53.458] [JavaFX Application Thread] [] com.zzg.mybatis.generator.util.ConfigHelper.loadGeneratorConfigs:180 --> sql: SELECT * FROM generator_config
[INFO] [22:10:19.906] [JavaFX Application Thread] [] com.zzg.mybatis.generator.controller.MainUIController.saveGeneratorConfig:277 --> user choose name: peakfortake
[INFO] [22:10:21.705] [JavaFX Application Thread] [] com.zzg.mybatis.generator.util.ConfigHelper.loadGeneratorConfigs:180 --> sql: SELECT * FROM generator_config
[INFO] [22:10:25.828] [JavaFX Application Thread] [] com.zzg.mybatis.generator.util.ConfigHelper.loadGeneratorConfigs:180 --> sql: SELECT * FROM generator_config
[INFO] [22:10:27.360] [JavaFX Application Thread] [] com.zzg.mybatis.generator.util.ConfigHelper.loadGeneratorConfig:157 --> sql: SELECT * FROM generator_config where name='peakfortake-user'
[INFO] [22:10:33.455] [JavaFX Application Thread] [] com.zzg.mybatis.generator.util.ConfigHelper.loadGeneratorConfigs:180 --> sql: SELECT * FROM generator_config
[INFO] [22:10:35.052] [JavaFX Application Thread] [] com.zzg.mybatis.generator.util.ConfigHelper.loadGeneratorConfig:157 --> sql: SELECT * FROM generator_config where name='peakfortake'
[INFO] [22:10:43.342] [JavaFX Application Thread] [] com.zzg.mybatis.generator.util.ConfigHelper.loadGeneratorConfigs:180 --> sql: SELECT * FROM generator_config
[INFO] [22:10:45.367] [JavaFX Application Thread] [] com.zzg.mybatis.generator.util.ConfigHelper.loadGeneratorConfig:157 --> sql: SELECT * FROM generator_config where name='peakfortake'
[INFO] [22:10:52.846] [JavaFX Application Thread] [] com.zzg.mybatis.generator.util.DbUtil.getConnectionUrlWithSchema:106 --> getConnectionUrlWithSchema, connection url: jdbc:mysql://127.0.0.1:3306/peakfortake?useUnicode=true&useSSL=false&characterEncoding=utf8
[INFO] [22:10:52.847] [JavaFX Application Thread] [] com.zzg.mybatis.generator.util.DbUtil.getTableNames:55 --> getTableNames, connection url: jdbc:mysql://127.0.0.1:3306/peakfortake?useUnicode=true&useSSL=false&characterEncoding=utf8
[INFO] [22:10:52.847] [JavaFX Application Thread] [] com.zzg.mybatis.generator.util.DbUtil.getConnectionUrlWithSchema:106 --> getConnectionUrlWithSchema, connection url: jdbc:mysql://127.0.0.1:3306/peakfortake?useUnicode=true&useSSL=false&characterEncoding=utf8
[INFO] [22:10:52.853] [JavaFX Application Thread] [] com.zzg.mybatis.generator.util.DbUtil.getConnection:49 --> getConnection, connection url: com.mysql.jdbc.JDBC4Connection@642f6fde
[INFO] [22:22:10.378] [JavaFX Application Thread] [] com.zzg.mybatis.generator.util.ConfigHelper.loadGeneratorConfigs:180 --> sql: SELECT * FROM generator_config
[INFO] [22:22:19.380] [JavaFX Application Thread] [] com.zzg.mybatis.generator.util.ConfigHelper.loadGeneratorConfigs:180 --> sql: SELECT * FROM generator_config
[INFO] [22:22:20.389] [JavaFX Application Thread] [] com.zzg.mybatis.generator.util.ConfigHelper.loadGeneratorConfig:157 --> sql: SELECT * FROM generator_config where name='peakfortake'
[INFO] [22:22:21.796] [JavaFX Application Thread] [] com.zzg.mybatis.generator.util.ConfigHelper.loadGeneratorConfigs:180 --> sql: SELECT * FROM generator_config
[INFO] [22:22:22.629] [JavaFX Application Thread] [] com.zzg.mybatis.generator.util.ConfigHelper.loadGeneratorConfig:157 --> sql: SELECT * FROM generator_config where name='peakfortake'
[INFO] [22:22:23.425] [JavaFX Application Thread] [] com.zzg.mybatis.generator.util.ConfigHelper.loadGeneratorConfigs:180 --> sql: SELECT * FROM generator_config
[INFO] [22:22:27.884] [JavaFX Application Thread] [] com.zzg.mybatis.generator.util.ConfigHelper.loadGeneratorConfig:157 --> sql: SELECT * FROM generator_config where name='peakfortake'
[INFO] [22:22:32.408] [JavaFX Application Thread] [] com.zzg.mybatis.generator.util.ConfigHelper.loadGeneratorConfigs:180 --> sql: SELECT * FROM generator_config
[INFO] [22:22:33.307] [JavaFX Application Thread] [] com.zzg.mybatis.generator.util.ConfigHelper.loadGeneratorConfig:157 --> sql: SELECT * FROM generator_config where name='peakfortake'
[INFO] [22:22:34.319] [JavaFX Application Thread] [] com.zzg.mybatis.generator.util.ConfigHelper.loadGeneratorConfigs:180 --> sql: SELECT * FROM generator_config
[INFO] [22:22:35.196] [JavaFX Application Thread] [] com.zzg.mybatis.generator.util.ConfigHelper.loadGeneratorConfig:157 --> sql: SELECT * FROM generator_config where name='peakfortake'
[INFO] [22:22:35.861] [JavaFX Application Thread] [] com.zzg.mybatis.generator.util.ConfigHelper.loadGeneratorConfigs:180 --> sql: SELECT * FROM generator_config
[INFO] [22:22:39.270] [JavaFX Application Thread] [] com.zzg.mybatis.generator.util.ConfigHelper.loadGeneratorConfig:157 --> sql: SELECT * FROM generator_config where name='peakfortake'
[INFO] [22:23:06.413] [JavaFX Application Thread] [] com.zzg.mybatis.generator.util.ConfigHelper.loadGeneratorConfigs:180 --> sql: SELECT * FROM generator_config
[INFO] [22:23:08.054] [JavaFX Application Thread] [] com.zzg.mybatis.generator.util.ConfigHelper.loadGeneratorConfig:157 --> sql: SELECT * FROM generator_config where name='peakfortake'
[INFO] [22:23:23.705] [JavaFX Application Thread] [] com.zzg.mybatis.generator.util.ConfigHelper.loadGeneratorConfigs:180 --> sql: SELECT * FROM generator_config
[INFO] [22:23:24.752] [JavaFX Application Thread] [] com.zzg.mybatis.generator.util.ConfigHelper.loadGeneratorConfig:157 --> sql: SELECT * FROM generator_config where name='peakfortake-user'
[INFO] [22:23:31.285] [JavaFX Application Thread] [] com.zzg.mybatis.generator.util.ConfigHelper.loadGeneratorConfigs:180 --> sql: SELECT * FROM generator_config
[INFO] [22:23:34.791] [JavaFX Application Thread] [] com.zzg.mybatis.generator.util.ConfigHelper.loadGeneratorConfig:157 --> sql: SELECT * FROM generator_config where name='peakfortake'
[INFO] [22:24:23.578] [JavaFX Application Thread] [] com.zzg.mybatis.generator.util.DbUtil.<clinit>:32 --> load driver class: com.mysql.jdbc.Driver@3f704f0d
[INFO] [22:24:23.581] [JavaFX Application Thread] [] com.zzg.mybatis.generator.util.DbUtil.<clinit>:32 --> load driver class: oracle.jdbc.driver.OracleDriver@23b2371e
[INFO] [22:24:23.584] [JavaFX Application Thread] [] com.zzg.mybatis.generator.util.DbUtil.<clinit>:32 --> load driver class: org.postgresql.Driver@fa11259
[INFO] [22:24:23.628] [JavaFX Application Thread] [] com.zzg.mybatis.generator.util.DbUtil.<clinit>:32 --> load driver class: SQLServerDriver:2
[INFO] [22:24:23.628] [JavaFX Application Thread] [] com.zzg.mybatis.generator.util.DbUtil.getConnectionUrlWithSchema:106 --> getConnectionUrlWithSchema, connection url: jdbc:mysql://127.0.0.1:3306/peakfortake?useUnicode=true&useSSL=false&characterEncoding=utf8
[INFO] [22:24:23.838] [JavaFX Application Thread] [] com.zzg.mybatis.generator.util.DbUtil.getConnection:49 --> getConnection, connection url: com.mysql.jdbc.JDBC4Connection@71167b3b
[INFO] [22:24:27.543] [JavaFX Application Thread] [] com.zzg.mybatis.generator.util.DbUtil.getConnectionUrlWithSchema:106 --> getConnectionUrlWithSchema, connection url: jdbc:mysql://127.0.0.1:3306/peakfortake?useUnicode=true&useSSL=false&characterEncoding=utf8
[INFO] [22:24:27.544] [JavaFX Application Thread] [] com.zzg.mybatis.generator.util.DbUtil.getTableNames:55 --> getTableNames, connection url: jdbc:mysql://127.0.0.1:3306/peakfortake?useUnicode=true&useSSL=false&characterEncoding=utf8
[INFO] [22:24:27.544] [JavaFX Application Thread] [] com.zzg.mybatis.generator.util.DbUtil.getConnectionUrlWithSchema:106 --> getConnectionUrlWithSchema, connection url: jdbc:mysql://127.0.0.1:3306/peakfortake?useUnicode=true&useSSL=false&characterEncoding=utf8
[INFO] [22:24:27.551] [JavaFX Application Thread] [] com.zzg.mybatis.generator.util.DbUtil.getConnection:49 --> getConnection, connection url: com.mysql.jdbc.JDBC4Connection@409d9b22
